<=========================Team 1900002 start=========================>
download success
image build success
team_info build success
file delete success
<=======Team 1900002 end  totalTime: 7s ===============>
<=========================Team 1900003 start=========================>
download success
image build success
team_info build success
file delete success
<=======Team 1900003 end  totalTime: 4s ===============>
<=========================Team 1900004 start=========================>
download success
image build success
team_info build success
file delete success
<=======Team 1900004 end  totalTime: 5s ===============>
<=========================Team 1900005 start=========================>
download success
image build success
team_info build success
file delete success
<=======Team 1900005 end  totalTime: 6s ===============>
<=========================Team 1900006 start=========================>
download success
image build success
team_info build success
file delete success
<=======Team 1900006 end  totalTime: 9s ===============>
<=========================Team 1900007 start=========================>
download success
image build success
team_info build success
file delete success
<=======Team 1900007 end  totalTime: 8s ===============>
<=========================Team 1900008 start=========================>
download failed
<=========================Team 1900009 start=========================>
download success
image build success
team_info build success
file delete success
<=======Team 1900009 end  totalTime: 6s ===============>
<=========================Team 1900010 start=========================>
download success
image build success
team_info build success
file delete success
<=======Team 1900010 end  totalTime: 9s ===============>
<=========================Team 1900011 start=========================>
download success
image build success
team_info build success
file delete success
<=======Team 1900011 end  totalTime: 7s ===============>
<=========================Team 1900012 start=========================>
download success
image build success
team_info build success
file delete success
<=======Team 1900012 end  totalTime: 5s ===============>
<=========================Team 1900013 start=========================>
download failed
<=========================Team 1900014 start=========================>
download success
image build success
team_info build success
file delete success
<=======Team 1900014 end  totalTime: 4s ===============>
<=========================Team 1900015 start=========================>
download success
image build success
team_info build success
file delete success
<=======Team 1900015 end  totalTime: 28s ===============>
<=========================Team 1900016 start=========================>
download success
image build success
team_info build success
file delete success
<=======Team 1900016 end  totalTime: 9s ===============>
ok ok ok ok ok ok ok ok ok ok ok ok ok 
